# JRE version: Java(TM) SE Runtime Environment (15.0.1+9) (build 15.0.1+9-18)
# Java VM: Java HotSpot(TM) 64-Bit Server VM (15.0.1+9-18, mixed mode, sharing, tiered, compressed oops, g1 gc, windows-amd64)
GC Precious Log:
 CPUs: 2 total, 2 available
 Memory: 7369M
 Large Page Support: Disabled
 NUMA Support: Disabled
 Compressed Oops: Enabled (32-bit)
 Heap Region Size: 1M
 Heap Min Capacity: 8M
 Heap Initial Capacity: 116M
 Heap Max Capacity: 2G
 Pre-touch: Disabled
 Parallel Workers: 2
 Concurrent Workers: 1
 Concurrent Refinement Workers: 2
 Periodic GC: Disabled
Heap:
 garbage-first heap   total 148480K, used 86971K [0x0000000080000000, 0x0000000100000000)
  region size 1024K, 1 young (1024K), 1 survivors (1024K)
 Metaspace       used 79017K, capacity 80051K, committed 80128K, reserved 1120256K
  class space    used 10395K, capacity 10725K, committed 10752K, reserved 1048576K
GC Heap History (20 events):
Event: 78.948 GC heap before
{Heap before GC invocations=31 (full 0):
 garbage-first heap   total 101376K, used 83865K [0x0000000080000000, 0x0000000100000000)
  region size 1024K, 27 young (27648K), 3 survivors (3072K)
 Metaspace       used 66835K, capacity 67858K, committed 67968K, reserved 1107968K
  class space    used 8765K, capacity 9088K, committed 9088K, reserved 1048576K
}
Event: 78.975 GC heap after
{Heap after GC invocations=32 (full 0):
 garbage-first heap   total 101376K, used 61511K [0x0000000080000000, 0x0000000100000000)
  region size 1024K, 4 young (4096K), 4 survivors (4096K)
 Metaspace       used 66835K, capacity 67858K, committed 67968K, reserved 1107968K
  class space    used 8765K, capacity 9088K, committed 9088K, reserved 1048576K
}
Event: 82.816 GC heap before
{Heap before GC invocations=33 (full 0):
 garbage-first heap   total 107520K, used 81991K [0x0000000080000000, 0x0000000100000000)
  region size 1024K, 25 young (25600K), 4 survivors (4096K)
 Metaspace       used 67666K, capacity 68729K, committed 68992K, reserved 1110016K
  class space    used 8870K, capacity 9224K, committed 9344K, reserved 1048576K
}
Event: 82.847 GC heap after
{Heap after GC invocations=34 (full 0):
 garbage-first heap   total 107520K, used 64222K [0x0000000080000000, 0x0000000100000000)
  region size 1024K, 3 young (3072K), 3 survivors (3072K)
 Metaspace       used 67666K, capacity 68729K, committed 68992K, reserved 1110016K
  class space    used 8870K, capacity 9224K, committed 9344K, reserved 1048576K
}
Event: 85.467 GC heap before
{Heap before GC invocations=34 (full 0):
 garbage-first heap   total 107520K, used 86750K [0x0000000080000000, 0x0000000100000000)
  region size 1024K, 26 young (26624K), 3 survivors (3072K)
 Metaspace       used 67867K, capacity 68921K, committed 69248K, reserved 1110016K
  class space    used 8870K, capacity 9224K, committed 9344K, reserved 1048576K
}
Event: 85.485 GC heap after
{Heap after GC invocations=35 (full 0):
 garbage-first heap   total 107520K, used 66069K [0x0000000080000000, 0x0000000100000000)
  region size 1024K, 2 young (2048K), 2 survivors (2048K)
 Metaspace       used 67867K, capacity 68921K, committed 69248K, reserved 1110016K
  class space    used 8870K, capacity 9224K, committed 9344K, reserved 1048576K
}
Event: 88.280 GC heap before
{Heap before GC invocations=36 (full 0):
 garbage-first heap   total 116736K, used 87573K [0x0000000080000000, 0x0000000100000000)
  region size 1024K, 24 young (24576K), 2 survivors (2048K)
 Metaspace       used 68160K, capacity 69197K, committed 69504K, reserved 1110016K
  class space    used 8880K, capacity 9227K, committed 9344K, reserved 1048576K
}
Event: 88.301 GC heap after
{Heap after GC invocations=37 (full 0):
 garbage-first heap   total 116736K, used 67637K [0x0000000080000000, 0x0000000100000000)
  region size 1024K, 2 young (2048K), 2 survivors (2048K)
 Metaspace       used 68160K, capacity 69197K, committed 69504K, reserved 1110016K
  class space    used 8880K, capacity 9227K, committed 9344K, reserved 1048576K
}
Event: 91.278 GC heap before
{Heap before GC invocations=37 (full 0):
 garbage-first heap   total 116736K, used 96309K [0x0000000080000000, 0x0000000100000000)
  region size 1024K, 30 young (30720K), 2 survivors (2048K)
 Metaspace       used 71321K, capacity 72409K, committed 72704K, reserved 1114112K
  class space    used 9292K, capacity 9613K, committed 9728K, reserved 1048576K
}
Event: 91.301 GC heap after
{Heap after GC invocations=38 (full 0):
 garbage-first heap   total 116736K, used 69761K [0x0000000080000000, 0x0000000100000000)
  region size 1024K, 4 young (4096K), 4 survivors (4096K)
 Metaspace       used 71321K, capacity 72409K, committed 72704K, reserved 1114112K
  class space    used 9292K, capacity 9613K, committed 9728K, reserved 1048576K
}
Event: 94.344 GC heap before
{Heap before GC invocations=39 (full 0):
 garbage-first heap   total 122880K, used 95361K [0x0000000080000000, 0x0000000100000000)
  region size 1024K, 30 young (30720K), 4 survivors (4096K)
 Metaspace       used 71931K, capacity 72915K, committed 73216K, reserved 1114112K
  class space    used 9348K, capacity 9649K, committed 9728K, reserved 1048576K
}
Event: 94.371 GC heap after
{Heap after GC invocations=40 (full 0):
 garbage-first heap   total 122880K, used 71551K [0x0000000080000000, 0x0000000100000000)
  region size 1024K, 2 young (2048K), 2 survivors (2048K)
 Metaspace       used 71931K, capacity 72915K, committed 73216K, reserved 1114112K
  class space    used 9348K, capacity 9649K, committed 9728K, reserved 1048576K
}
Event: 97.000 GC heap before
{Heap before GC invocations=40 (full 0):
 garbage-first heap   total 122880K, used 101247K [0x0000000080000000, 0x0000000100000000)
  region size 1024K, 32 young (32768K), 2 survivors (2048K)
 Metaspace       used 72088K, capacity 73209K, committed 73472K, reserved 1114112K
  class space    used 9359K, capacity 9682K, committed 9728K, reserved 1048576K
}
Event: 97.019 GC heap after
{Heap after GC invocations=41 (full 0):
 garbage-first heap   total 122880K, used 74335K [0x0000000080000000, 0x0000000100000000)
  region size 1024K, 4 young (4096K), 4 survivors (4096K)
 Metaspace       used 72088K, capacity 73209K, committed 73472K, reserved 1114112K
  class space    used 9359K, capacity 9682K, committed 9728K, reserved 1048576K
}
Event: 98.081 GC heap before
{Heap before GC invocations=42 (full 0):
 garbage-first heap   total 128000K, used 79455K [0x0000000080000000, 0x0000000100000000)
  region size 1024K, 10 young (10240K), 4 survivors (4096K)
 Metaspace       used 72277K, capacity 73305K, committed 73472K, reserved 1114112K
  class space    used 9393K, capacity 9714K, committed 9728K, reserved 1048576K
}
Event: 98.121 GC heap after
{Heap after GC invocations=43 (full 0):
 garbage-first heap   total 128000K, used 74680K [0x0000000080000000, 0x0000000100000000)
  region size 1024K, 1 young (1024K), 1 survivors (1024K)
 Metaspace       used 72277K, capacity 73305K, committed 73472K, reserved 1114112K
  class space    used 9393K, capacity 9714K, committed 9728K, reserved 1048576K
}
Event: 102.624 GC heap before
{Heap before GC invocations=44 (full 0):
 garbage-first heap   total 137216K, used 109496K [0x0000000080000000, 0x0000000100000000)
  region size 1024K, 32 young (32768K), 1 survivors (1024K)
 Metaspace       used 74997K, capacity 75989K, committed 76160K, reserved 1116160K
  class space    used 9771K, capacity 10075K, committed 10112K, reserved 1048576K
}
Event: 102.647 GC heap after
{Heap after GC invocations=45 (full 0):
 garbage-first heap   total 137216K, used 81225K [0x0000000080000000, 0x0000000100000000)
  region size 1024K, 4 young (4096K), 4 survivors (4096K)
 Metaspace       used 74997K, capacity 75989K, committed 76160K, reserved 1116160K
  class space    used 9771K, capacity 10075K, committed 10112K, reserved 1048576K
}
Event: 106.248 GC heap before
{Heap before GC invocations=45 (full 0):
 garbage-first heap   total 137216K, used 110921K [0x0000000080000000, 0x0000000100000000)
  region size 1024K, 34 young (34816K), 4 survivors (4096K)
 Metaspace       used 78384K, capacity 79373K, committed 79616K, reserved 1120256K
  class space    used 10312K, capacity 10627K, committed 10752K, reserved 1048576K
}
Event: 106.291 GC heap after
{Heap after GC invocations=46 (full 0):
 garbage-first heap   total 137216K, used 85912K [0x0000000080000000, 0x0000000100000000)
  region size 1024K, 5 young (5120K), 5 survivors (5120K)
 Metaspace       used 78384K, capacity 79373K, committed 79616K, reserved 1120256K
  class space    used 10312K, capacity 10627K, committed 10752K, reserved 1048576K
}

