# JRE version: Java(TM) SE Runtime Environment (15.0.1+9) (build 15.0.1+9-18)
# Java VM: Java HotSpot(TM) 64-Bit Server VM (15.0.1+9-18, mixed mode, sharing, tiered, compressed oops, g1 gc, windows-amd64)
GC Precious Log:
 CPUs: 2 total, 2 available
 Memory: 7369M
 Large Page Support: Disabled
 NUMA Support: Disabled
 Compressed Oops: Enabled (32-bit)
 Heap Region Size: 1M
 Heap Min Capacity: 8M
 Heap Initial Capacity: 116M
 Heap Max Capacity: 2G
 Pre-touch: Disabled
 Parallel Workers: 2
 Concurrent Workers: 1
 Concurrent Refinement Workers: 2
 Periodic GC: Disabled
Heap:
 garbage-first heap   total 155648K, used 80518K [0x0000000080000000, 0x0000000100000000)
  region size 1024K, 2 young (2048K), 2 survivors (2048K)
 Metaspace       used 83926K, capacity 85275K, committed 85376K, reserved 1132544K
  class space    used 10685K, capacity 11077K, committed 11136K, reserved 1048576K
GC Heap History (20 events):
Event: 138.582 GC heap before
{Heap before GC invocations=60 (full 0):
 garbage-first heap   total 155648K, used 105246K [0x0000000080000000, 0x0000000100000000)
  region size 1024K, 7 young (7168K), 1 survivors (1024K)
 Metaspace       used 73345K, capacity 74478K, committed 74624K, reserved 1114112K
  class space    used 9422K, capacity 9755K, committed 9856K, reserved 1048576K
}
Event: 138.591 GC heap after
{Heap after GC invocations=61 (full 0):
 garbage-first heap   total 155648K, used 92705K [0x0000000080000000, 0x0000000100000000)
  region size 1024K, 1 young (1024K), 1 survivors (1024K)
 Metaspace       used 73345K, capacity 74478K, committed 74624K, reserved 1114112K
  class space    used 9422K, capacity 9755K, committed 9856K, reserved 1048576K
}
Event: 139.699 GC heap before
{Heap before GC invocations=61 (full 0):
 garbage-first heap   total 155648K, used 97825K [0x0000000080000000, 0x0000000100000000)
  region size 1024K, 7 young (7168K), 1 survivors (1024K)
 Metaspace       used 73370K, capacity 74542K, committed 74880K, reserved 1114112K
  class space    used 9422K, capacity 9755K, committed 9856K, reserved 1048576K
}
Event: 139.712 GC heap after
{Heap after GC invocations=62 (full 0):
 garbage-first heap   total 155648K, used 92749K [0x0000000080000000, 0x0000000100000000)
  region size 1024K, 1 young (1024K), 1 survivors (1024K)
 Metaspace       used 73370K, capacity 74542K, committed 74880K, reserved 1114112K
  class space    used 9422K, capacity 9755K, committed 9856K, reserved 1048576K
}
Event: 144.188 GC heap before
{Heap before GC invocations=63 (full 0):
 garbage-first heap   total 155648K, used 100941K [0x0000000080000000, 0x0000000100000000)
  region size 1024K, 14 young (14336K), 1 survivors (1024K)
 Metaspace       used 74183K, capacity 75354K, committed 75392K, reserved 1114112K
  class space    used 9507K, capacity 9853K, committed 9856K, reserved 1048576K
}
Event: 144.198 GC heap after
{Heap after GC invocations=64 (full 0):
 garbage-first heap   total 155648K, used 89182K [0x0000000080000000, 0x0000000100000000)
  region size 1024K, 1 young (1024K), 1 survivors (1024K)
 Metaspace       used 74183K, capacity 75354K, committed 75392K, reserved 1114112K
  class space    used 9507K, capacity 9853K, committed 9856K, reserved 1048576K
}
Event: 145.804 GC heap before
{Heap before GC invocations=64 (full 0):
 garbage-first heap   total 155648K, used 94302K [0x0000000080000000, 0x0000000100000000)
  region size 1024K, 7 young (7168K), 1 survivors (1024K)
 Metaspace       used 74881K, capacity 76088K, committed 76416K, reserved 1116160K
  class space    used 9610K, capacity 9987K, committed 10112K, reserved 1048576K
}
Event: 145.820 GC heap after
{Heap after GC invocations=65 (full 0):
 garbage-first heap   total 155648K, used 79521K [0x0000000080000000, 0x0000000100000000)
  region size 1024K, 1 young (1024K), 1 survivors (1024K)
 Metaspace       used 74881K, capacity 76088K, committed 76416K, reserved 1116160K
  class space    used 9610K, capacity 9987K, committed 10112K, reserved 1048576K
}
Event: 153.016 GC heap before
{Heap before GC invocations=65 (full 0):
 garbage-first heap   total 155648K, used 109217K [0x0000000080000000, 0x0000000100000000)
  region size 1024K, 31 young (31744K), 1 survivors (1024K)
 Metaspace       used 77577K, capacity 78713K, committed 78976K, reserved 1118208K
  class space    used 9932K, capacity 10279K, committed 10368K, reserved 1048576K
}
Event: 153.064 GC heap after
{Heap after GC invocations=66 (full 0):
 garbage-first heap   total 155648K, used 81825K [0x0000000080000000, 0x0000000100000000)
  region size 1024K, 3 young (3072K), 3 survivors (3072K)
 Metaspace       used 77577K, capacity 78713K, committed 78976K, reserved 1118208K
  class space    used 9932K, capacity 10279K, committed 10368K, reserved 1048576K
}
Event: 157.923 GC heap before
{Heap before GC invocations=67 (full 0):
 garbage-first heap   total 155648K, used 109473K [0x0000000080000000, 0x0000000100000000)
  region size 1024K, 34 young (34816K), 3 survivors (3072K)
 Metaspace       used 77834K, capacity 79061K, committed 79232K, reserved 1118208K
  class space    used 9961K, capacity 10322K, committed 10368K, reserved 1048576K
}
Event: 157.948 GC heap after
{Heap after GC invocations=68 (full 0):
 garbage-first heap   total 155648K, used 81035K [0x0000000080000000, 0x0000000100000000)
  region size 1024K, 5 young (5120K), 5 survivors (5120K)
 Metaspace       used 77834K, capacity 79061K, committed 79232K, reserved 1118208K
  class space    used 9961K, capacity 10322K, committed 10368K, reserved 1048576K
}
Event: 158.099 GC heap before
{Heap before GC invocations=68 (full 0):
 garbage-first heap   total 155648K, used 83083K [0x0000000080000000, 0x0000000100000000)
  region size 1024K, 7 young (7168K), 5 survivors (5120K)
 Metaspace       used 77838K, capacity 79061K, committed 79232K, reserved 1118208K
  class space    used 9961K, capacity 10322K, committed 10368K, reserved 1048576K
}
Event: 158.138 GC heap after
{Heap after GC invocations=69 (full 0):
 garbage-first heap   total 155648K, used 73888K [0x0000000080000000, 0x0000000100000000)
  region size 1024K, 1 young (1024K), 1 survivors (1024K)
 Metaspace       used 77838K, capacity 79061K, committed 79232K, reserved 1118208K
  class space    used 9961K, capacity 10322K, committed 10368K, reserved 1048576K
}
Event: 199.031 GC heap before
{Heap before GC invocations=69 (full 0):
 garbage-first heap   total 155648K, used 124064K [0x0000000080000000, 0x0000000100000000)
  region size 1024K, 51 young (52224K), 1 survivors (1024K)
 Metaspace       used 79301K, capacity 80608K, committed 80640K, reserved 1120256K
  class space    used 10082K, capacity 10473K, committed 10496K, reserved 1048576K
}
Event: 199.071 GC heap after
{Heap after GC invocations=70 (full 0):
 garbage-first heap   total 155648K, used 77741K [0x0000000080000000, 0x0000000100000000)
  region size 1024K, 5 young (5120K), 5 survivors (5120K)
 Metaspace       used 79301K, capacity 80608K, committed 80640K, reserved 1120256K
  class space    used 10082K, capacity 10473K, committed 10496K, reserved 1048576K
}
Event: 206.020 GC heap before
{Heap before GC invocations=71 (full 0):
 garbage-first heap   total 155648K, used 117677K [0x0000000080000000, 0x0000000100000000)
  region size 1024K, 45 young (46080K), 5 survivors (5120K)
 Metaspace       used 81744K, capacity 83041K, committed 83328K, reserved 1122304K
  class space    used 10375K, capacity 10770K, committed 10880K, reserved 1048576K
}
Event: 206.045 GC heap after
{Heap after GC invocations=72 (full 0):
 garbage-first heap   total 155648K, used 79143K [0x0000000080000000, 0x0000000100000000)
  region size 1024K, 5 young (5120K), 5 survivors (5120K)
 Metaspace       used 81744K, capacity 83041K, committed 83328K, reserved 1122304K
  class space    used 10375K, capacity 10770K, committed 10880K, reserved 1048576K
}
Event: 235.968 GC heap before
{Heap before GC invocations=72 (full 0):
 garbage-first heap   total 155648K, used 97575K [0x0000000080000000, 0x0000000100000000)
  region size 1024K, 24 young (24576K), 5 survivors (5120K)
 Metaspace       used 83926K, capacity 85275K, committed 85376K, reserved 1130496K
  class space    used 10685K, capacity 11077K, committed 11136K, reserved 1048576K
}
Event: 235.994 GC heap after
{Heap after GC invocations=73 (full 0):
 garbage-first heap   total 155648K, used 80518K [0x0000000080000000, 0x0000000100000000)
  region size 1024K, 2 young (2048K), 2 survivors (2048K)
 Metaspace       used 83926K, capacity 85275K, committed 85376K, reserved 1130496K
  class space    used 10685K, capacity 11077K, committed 11136K, reserved 1048576K
}

