# JRE version: Java(TM) SE Runtime Environment (15.0.1+9) (build 15.0.1+9-18)
# Java VM: Java HotSpot(TM) 64-Bit Server VM (15.0.1+9-18, mixed mode, sharing, tiered, compressed oops, g1 gc, windows-amd64)
GC Precious Log:
 CPUs: 2 total, 2 available
 Memory: 7369M
 Large Page Support: Disabled
 NUMA Support: Disabled
 Compressed Oops: Enabled (32-bit)
 Heap Region Size: 1M
 Heap Min Capacity: 8M
 Heap Initial Capacity: 116M
 Heap Max Capacity: 2G
 Pre-touch: Disabled
 Parallel Workers: 2
 Concurrent Workers: 1
 Concurrent Refinement Workers: 2
 Periodic GC: Disabled
Heap:
 garbage-first heap   total 150528K, used 118399K [0x0000000080000000, 0x0000000100000000)
  region size 1024K, 34 young (34816K), 3 survivors (3072K)
 Metaspace       used 84200K, capacity 85297K, committed 85504K, reserved 1124352K
  class space    used 10911K, capacity 11250K, committed 11264K, reserved 1048576K
GC Heap History (20 events):
Event: 81.223 GC heap before
{Heap before GC invocations=42 (full 0):
 garbage-first heap   total 112640K, used 90762K [0x0000000080000000, 0x0000000100000000)
  region size 1024K, 28 young (28672K), 2 survivors (2048K)
 Metaspace       used 68749K, capacity 69746K, committed 70016K, reserved 1110016K
  class space    used 8959K, capacity 9259K, committed 9344K, reserved 1048576K
}
Event: 81.245 GC heap after
{Heap after GC invocations=43 (full 0):
 garbage-first heap   total 112640K, used 66641K [0x0000000080000000, 0x0000000100000000)
  region size 1024K, 4 young (4096K), 4 survivors (4096K)
 Metaspace       used 68749K, capacity 69746K, committed 70016K, reserved 1110016K
  class space    used 8959K, capacity 9259K, committed 9344K, reserved 1048576K
}
Event: 85.139 GC heap before
{Heap before GC invocations=43 (full 0):
 garbage-first heap   total 112640K, used 92241K [0x0000000080000000, 0x0000000100000000)
  region size 1024K, 30 young (30720K), 4 survivors (4096K)
 Metaspace       used 72060K, capacity 73160K, committed 73216K, reserved 1112064K
  class space    used 9368K, capacity 9687K, committed 9728K, reserved 1048576K
}
Event: 85.160 GC heap after
{Heap after GC invocations=44 (full 0):
 garbage-first heap   total 112640K, used 67636K [0x0000000080000000, 0x0000000100000000)
  region size 1024K, 3 young (3072K), 3 survivors (3072K)
 Metaspace       used 72060K, capacity 73160K, committed 73216K, reserved 1112064K
  class space    used 9368K, capacity 9687K, committed 9728K, reserved 1048576K
}
Event: 88.518 GC heap before
{Heap before GC invocations=45 (full 0):
 garbage-first heap   total 117760K, used 92212K [0x0000000080000000, 0x0000000100000000)
  region size 1024K, 28 young (28672K), 3 survivors (3072K)
 Metaspace       used 73181K, capacity 74246K, committed 74368K, reserved 1114112K
  class space    used 9493K, capacity 9788K, committed 9856K, reserved 1048576K
}
Event: 88.545 GC heap after
{Heap after GC invocations=46 (full 0):
 garbage-first heap   total 117760K, used 70429K [0x0000000080000000, 0x0000000100000000)
  region size 1024K, 4 young (4096K), 4 survivors (4096K)
 Metaspace       used 73181K, capacity 74246K, committed 74368K, reserved 1114112K
  class space    used 9493K, capacity 9788K, committed 9856K, reserved 1048576K
}
Event: 91.256 GC heap before
{Heap before GC invocations=46 (full 0):
 garbage-first heap   total 117760K, used 96029K [0x0000000080000000, 0x0000000100000000)
  region size 1024K, 30 young (30720K), 4 survivors (4096K)
 Metaspace       used 73221K, capacity 74310K, committed 74624K, reserved 1114112K
  class space    used 9493K, capacity 9788K, committed 9856K, reserved 1048576K
}
Event: 91.281 GC heap after
{Heap after GC invocations=47 (full 0):
 garbage-first heap   total 117760K, used 71856K [0x0000000080000000, 0x0000000100000000)
  region size 1024K, 2 young (2048K), 2 survivors (2048K)
 Metaspace       used 73221K, capacity 74310K, committed 74624K, reserved 1114112K
  class space    used 9493K, capacity 9788K, committed 9856K, reserved 1048576K
}
Event: 92.948 GC heap before
{Heap before GC invocations=48 (full 0):
 garbage-first heap   total 126976K, used 86192K [0x0000000080000000, 0x0000000100000000)
  region size 1024K, 18 young (18432K), 2 survivors (2048K)
 Metaspace       used 73495K, capacity 74572K, committed 74624K, reserved 1114112K
  class space    used 9536K, capacity 9853K, committed 9856K, reserved 1048576K
}
Event: 92.967 GC heap after
{Heap after GC invocations=49 (full 0):
 garbage-first heap   total 126976K, used 73983K [0x0000000080000000, 0x0000000100000000)
  region size 1024K, 4 young (4096K), 4 survivors (4096K)
 Metaspace       used 73495K, capacity 74572K, committed 74624K, reserved 1114112K
  class space    used 9536K, capacity 9853K, committed 9856K, reserved 1048576K
}
Event: 95.339 GC heap before
{Heap before GC invocations=50 (full 0):
 garbage-first heap   total 137216K, used 107775K [0x0000000080000000, 0x0000000100000000)
  region size 1024K, 34 young (34816K), 4 survivors (4096K)
 Metaspace       used 74805K, capacity 75916K, committed 76160K, reserved 1116160K
  class space    used 9721K, capacity 10045K, committed 10112K, reserved 1048576K
}
Event: 95.363 GC heap after
{Heap after GC invocations=51 (full 0):
 garbage-first heap   total 137216K, used 80194K [0x0000000080000000, 0x0000000100000000)
  region size 1024K, 5 young (5120K), 5 survivors (5120K)
 Metaspace       used 74805K, capacity 75916K, committed 76160K, reserved 1116160K
  class space    used 9721K, capacity 10045K, committed 10112K, reserved 1048576K
}
Event: 98.485 GC heap before
{Heap before GC invocations=51 (full 0):
 garbage-first heap   total 137216K, used 110914K [0x0000000080000000, 0x0000000100000000)
  region size 1024K, 36 young (36864K), 5 survivors (5120K)
 Metaspace       used 78329K, capacity 79436K, committed 79744K, reserved 1118208K
  class space    used 10203K, capacity 10535K, committed 10624K, reserved 1048576K
}
Event: 98.527 GC heap after
{Heap after GC invocations=52 (full 0):
 garbage-first heap   total 137216K, used 84736K [0x0000000080000000, 0x0000000100000000)
  region size 1024K, 5 young (5120K), 5 survivors (5120K)
 Metaspace       used 78329K, capacity 79436K, committed 79744K, reserved 1118208K
  class space    used 10203K, capacity 10535K, committed 10624K, reserved 1048576K
}
Event: 102.352 GC heap before
{Heap before GC invocations=53 (full 0):
 garbage-first heap   total 143360K, used 110336K [0x0000000080000000, 0x0000000100000000)
  region size 1024K, 31 young (31744K), 5 survivors (5120K)
 Metaspace       used 81633K, capacity 82766K, committed 83072K, reserved 1122304K
  class space    used 10699K, capacity 11025K, committed 11136K, reserved 1048576K
}
Event: 102.384 GC heap after
{Heap after GC invocations=54 (full 0):
 garbage-first heap   total 143360K, used 86874K [0x0000000080000000, 0x0000000100000000)
  region size 1024K, 2 young (2048K), 2 survivors (2048K)
 Metaspace       used 81633K, capacity 82766K, committed 83072K, reserved 1122304K
  class space    used 10699K, capacity 11025K, committed 11136K, reserved 1048576K
}
Event: 106.119 GC heap before
{Heap before GC invocations=54 (full 0):
 garbage-first heap   total 143360K, used 117594K [0x0000000080000000, 0x0000000100000000)
  region size 1024K, 32 young (32768K), 2 survivors (2048K)
 Metaspace       used 82970K, capacity 84081K, committed 84096K, reserved 1122304K
  class space    used 10779K, capacity 11122K, committed 11136K, reserved 1048576K
}
Event: 106.159 GC heap after
{Heap after GC invocations=55 (full 0):
 garbage-first heap   total 143360K, used 87642K [0x0000000080000000, 0x0000000100000000)
  region size 1024K, 3 young (3072K), 3 survivors (3072K)
 Metaspace       used 82970K, capacity 84081K, committed 84096K, reserved 1122304K
  class space    used 10779K, capacity 11122K, committed 11136K, reserved 1048576K
}
Event: 108.700 GC heap before
{Heap before GC invocations=56 (full 0):
 garbage-first heap   total 150528K, used 118362K [0x0000000080000000, 0x0000000100000000)
  region size 1024K, 33 young (33792K), 3 survivors (3072K)
 Metaspace       used 84104K, capacity 85233K, committed 85248K, reserved 1124352K
  class space    used 10903K, capacity 11250K, committed 11264K, reserved 1048576K
}
Event: 108.718 GC heap after
{Heap after GC invocations=57 (full 0):
 garbage-first heap   total 150528K, used 87679K [0x0000000080000000, 0x0000000100000000)
  region size 1024K, 3 young (3072K), 3 survivors (3072K)
 Metaspace       used 84104K, capacity 85233K, committed 85248K, reserved 1124352K
  class space    used 10903K, capacity 11250K, committed 11264K, reserved 1048576K
}

